<?xml version="1.0" encoding="UTF-8"?>
<!-- Generated by org.testng.reporters.JUnitReportReporter -->
<testsuite skipped="0" hostname="Ashu-PC" name="com.test.automation.uiAutomation.homePage.SearchProduct" tests="1" failures="0" timestamp="23 May 2017 18:25:58 GMT" time="4.119" errors="0">
  <testcase name="searchProduct" time="4.119" classname="com.test.automation.uiAutomation.homePage.SearchProduct"/>
</testsuite> <!-- com.test.automation.uiAutomation.homePage.SearchProduct -->
