<?xml version="1.0" encoding="UTF-8"?>
<!-- Generated by org.testng.reporters.JUnitReportReporter -->
<testsuite skipped="0" hostname="Ashu-PC" name="com.test.automation.uiAutomation.uiActions.RedBusSearch" tests="1" failures="0" timestamp="28 May 2017 10:52:10 GMT" time="43.677" errors="0">
  <testcase name="selectDate" time="43.677" classname="com.test.automation.uiAutomation.uiActions.RedBusSearch"/>
</testsuite> <!-- com.test.automation.uiAutomation.uiActions.RedBusSearch -->
