<?xml version="1.0" encoding="UTF-8"?>
<!-- Generated by org.testng.reporters.JUnitReportReporter -->
<testsuite skipped="0" hostname="Ashu-PC" name="com.test.automation.uiAutomation.homePage.VerifyLogin" tests="1" failures="0" timestamp="25 May 2017 15:31:14 GMT" time="4.118" errors="0">
  <testcase name="verifyLogin" time="4.118" classname="com.test.automation.uiAutomation.homePage.VerifyLogin"/>
</testsuite> <!-- com.test.automation.uiAutomation.homePage.VerifyLogin -->
